This is pdfTeX, Version 3.14159265-2.6-1.40.21 (TeX Live 2020) (preloaded format=pdflatex 2021.2.18)  25 FEB 2021 22:24
entering extended mode
 \write18 enabled.
 %&-line parsing enabled.
**all.tex
(./all.tex
LaTeX2e <2020-02-02> patch level 5
L3 programming layer <2020-03-06>
(/usr/local/texlive/2020/texmf-dist/tex/latex/base/report.cls
Document Class: report 2019/12/20 v1.4l Standard LaTeX document class
(/usr/local/texlive/2020/texmf-dist/tex/latex/base/size10.clo
File: size10.clo 2019/12/20 v1.4l Standard LaTeX file (size option)
)
\c@part=\count167
\c@chapter=\count168
\c@section=\count169
\c@subsection=\count170
\c@subsubsection=\count171
\c@paragraph=\count172
\c@subparagraph=\count173
\c@figure=\count174
\c@table=\count175
\abovecaptionskip=\skip47
\belowcaptionskip=\skip48
\bibindent=\dimen134
)
(/usr/local/texlive/2020/texmf-dist/tex/latex/pdfpages/pdfpages.sty
Package: pdfpages 2020/01/28 v0.5q Insert pages of external PDF documents (AM)

(/usr/local/texlive/2020/texmf-dist/tex/latex/base/ifthen.sty
Package: ifthen 2014/09/29 v1.1c Standard LaTeX ifthen package (DPC)
)
(/usr/local/texlive/2020/texmf-dist/tex/latex/tools/calc.sty
Package: calc 2017/05/25 v4.3 Infix arithmetic (KKT,FJ)
\calc@Acount=\count176
\calc@Bcount=\count177
\calc@Adimen=\dimen135
\calc@Bdimen=\dimen136
\calc@Askip=\skip49
\calc@Bskip=\skip50
LaTeX Info: Redefining \setlength on input line 80.
LaTeX Info: Redefining \addtolength on input line 81.
\calc@Ccount=\count178
\calc@Cskip=\skip51
)
(/usr/local/texlive/2020/texmf-dist/tex/latex/eso-pic/eso-pic.sty
Package: eso-pic 2018/04/12 v2.0h eso-pic (RN)

(/usr/local/texlive/2020/texmf-dist/tex/generic/atbegshi/atbegshi.sty
Package: atbegshi 2019/12/05 v1.19 At begin shipout hook (HO)

(/usr/local/texlive/2020/texmf-dist/tex/generic/infwarerr/infwarerr.sty
Package: infwarerr 2019/12/03 v1.5 Providing info/warning/error messages (HO)
)
(/usr/local/texlive/2020/texmf-dist/tex/generic/ltxcmds/ltxcmds.sty
Package: ltxcmds 2019/12/15 v1.24 LaTeX kernel commands for general use (HO)
)
(/usr/local/texlive/2020/texmf-dist/tex/generic/iftex/iftex.sty
Package: iftex 2020/03/06 v1.0d TeX engine tests
))
(/usr/local/texlive/2020/texmf-dist/tex/latex/graphics/keyval.sty
Package: keyval 2014/10/28 v1.15 key=value parser (DPC)
\KV@toks@=\toks15
)
(/usr/local/texlive/2020/texmf-dist/tex/latex/xcolor/xcolor.sty
Package: xcolor 2016/05/11 v2.12 LaTeX color extensions (UK)

(/usr/local/texlive/2020/texmf-dist/tex/latex/graphics-cfg/color.cfg
File: color.cfg 2016/01/02 v1.6 sample color configuration
)
Package xcolor Info: Driver file: pdftex.def on input line 225.

(/usr/local/texlive/2020/texmf-dist/tex/latex/graphics-def/pdftex.def
File: pdftex.def 2018/01/08 v1.0l Graphics/color driver for pdftex
)
Package xcolor Info: Model `cmy' substituted by `cmy0' on input line 1348.
Package xcolor Info: Model `hsb' substituted by `rgb' on input line 1352.
Package xcolor Info: Model `RGB' extended on input line 1364.
Package xcolor Info: Model `HTML' substituted by `rgb' on input line 1366.
Package xcolor Info: Model `Hsb' substituted by `hsb' on input line 1367.
Package xcolor Info: Model `tHsb' substituted by `hsb' on input line 1368.
Package xcolor Info: Model `HSB' substituted by `hsb' on input line 1369.
Package xcolor Info: Model `Gray' substituted by `gray' on input line 1370.
Package xcolor Info: Model `wave' substituted by `hsb' on input line 1371.
))
(/usr/local/texlive/2020/texmf-dist/tex/latex/graphics/graphicx.sty
Package: graphicx 2019/11/30 v1.2a Enhanced LaTeX Graphics (DPC,SPQR)

(/usr/local/texlive/2020/texmf-dist/tex/latex/graphics/graphics.sty
Package: graphics 2019/11/30 v1.4a Standard LaTeX Graphics (DPC,SPQR)

(/usr/local/texlive/2020/texmf-dist/tex/latex/graphics/trig.sty
Package: trig 2016/01/03 v1.10 sin cos tan (DPC)
)
(/usr/local/texlive/2020/texmf-dist/tex/latex/graphics-cfg/graphics.cfg
File: graphics.cfg 2016/06/04 v1.11 sample graphics configuration
)
Package graphics Info: Driver file: pdftex.def on input line 105.
)
\Gin@req@height=\dimen137
\Gin@req@width=\dimen138
)
\AM@pagewidth=\dimen139
\AM@pageheight=\dimen140

(/usr/local/texlive/2020/texmf-dist/tex/latex/pdfpages/pppdftex.def
File: pppdftex.def 2020/01/28 v0.5q Pdfpages driver for pdfTeX (AM)
)
\AM@pagebox=\box45
\AM@global@opts=\toks16
\AM@pagecnt=\count179
\AM@toc@title=\toks17
\c@AM@survey=\count180
\AM@templatesizebox=\box46
)
(/usr/local/texlive/2020/texmf-dist/tex/latex/l3backend/l3backend-pdfmode.def
File: l3backend-pdfmode.def 2020-03-12 L3 backend support: PDF mode
\l__kernel_color_stack_int=\count181
\l__pdf_internal_box=\box47
)
(./all.aux)
\openout1 = `all.aux'.

LaTeX Font Info:    Checking defaults for OML/cmm/m/it on input line 4.
LaTeX Font Info:    ... okay on input line 4.
LaTeX Font Info:    Checking defaults for OMS/cmsy/m/n on input line 4.
LaTeX Font Info:    ... okay on input line 4.
LaTeX Font Info:    Checking defaults for OT1/cmr/m/n on input line 4.
LaTeX Font Info:    ... okay on input line 4.
LaTeX Font Info:    Checking defaults for T1/cmr/m/n on input line 4.
LaTeX Font Info:    ... okay on input line 4.
LaTeX Font Info:    Checking defaults for TS1/cmr/m/n on input line 4.
LaTeX Font Info:    ... okay on input line 4.
LaTeX Font Info:    Checking defaults for OMX/cmex/m/n on input line 4.
LaTeX Font Info:    ... okay on input line 4.
LaTeX Font Info:    Checking defaults for U/cmr/m/n on input line 4.
LaTeX Font Info:    ... okay on input line 4.
\AtBeginShipoutBox=\box48

(/usr/local/texlive/2020/texmf-dist/tex/context/base/mkii/supp-pdf.mkii
[Loading MPS to PDF converter (version 2006.09.02).]
\scratchcounter=\count182
\scratchdimen=\dimen141
\scratchbox=\box49
\nofMPsegments=\count183
\nofMParguments=\count184
\everyMPshowfont=\toks18
\MPscratchCnt=\count185
\MPscratchDim=\dimen142
\MPnumerator=\count186
\makeMPintoPDFobject=\count187
\everyMPtoPDFconversion=\toks19
) (/usr/local/texlive/2020/texmf-dist/tex/latex/epstopdf-pkg/epstopdf-base.sty
Package: epstopdf-base 2020-01-24 v2.11 Base part for package epstopdf
Package epstopdf-base Info: Redefining graphics rule for `.eps' on input line 4
85.

(/usr/local/texlive/2020/texmf-dist/tex/latex/latexconfig/epstopdf-sys.cfg
File: epstopdf-sys.cfg 2010/07/13 v1.3 Configuration of (r)epstopdf for TeX Liv
e
))
(/usr/local/texlive/2020/texmf-dist/tex/latex/pdflscape/pdflscape.sty
Package: pdflscape 2019/12/05 v0.12 Display of landscape pages in PDF (HO)

(/usr/local/texlive/2020/texmf-dist/tex/latex/graphics/lscape.sty
Package: lscape 2000/10/22 v3.01 Landscape Pages (DPC)
)
Package pdflscape Info: Auto-detected driver: pdftex on input line 81.
)
<main.pdf, id=1, 597.50829pt x 845.0471pt>
File: main.pdf Graphic file (type pdf)
<use main.pdf>
Package pdftex.def Info: main.pdf  used on input line 5.
(pdftex.def)             Requested size: 597.50682pt x 845.04504pt.
File: main.pdf Graphic file (type pdf)
<use main.pdf>
Package pdftex.def Info: main.pdf  used on input line 5.
(pdftex.def)             Requested size: 597.50682pt x 845.04504pt.
<main.pdf, id=4, page=1, 597.50829pt x 845.0471pt>
File: main.pdf Graphic file (type pdf)
<use main.pdf, page 1>
Package pdftex.def Info: main.pdf , page1 used on input line 5.
(pdftex.def)             Requested size: 597.50682pt x 845.04504pt.
File: main.pdf Graphic file (type pdf)
<use main.pdf, page 1>
Package pdftex.def Info: main.pdf , page1 used on input line 5.
(pdftex.def)             Requested size: 562.12285pt x 795.00201pt.
File: main.pdf Graphic file (type pdf)
<use main.pdf, page 1>
Package pdftex.def Info: main.pdf , page1 used on input line 5.
(pdftex.def)             Requested size: 562.12285pt x 795.00201pt.
File: main.pdf Graphic file (type pdf)
<use main.pdf, page 1>
Package pdftex.def Info: main.pdf , page1 used on input line 5.
(pdftex.def)             Requested size: 562.12285pt x 795.00201pt.
File: main.pdf Graphic file (type pdf)
<use main.pdf, page 1>
Package pdftex.def Info: main.pdf , page1 used on input line 5.
(pdftex.def)             Requested size: 562.12285pt x 795.00201pt.
 [1

 <./main.pdf{/usr/local/texlive/2020/texmf-var/fonts/map/pdftex/updmap/pdftex.m
ap}>]
<bedrock.pdf, id=62, 597.50829pt x 845.0471pt>
File: bedrock.pdf Graphic file (type pdf)
<use bedrock.pdf>
Package pdftex.def Info: bedrock.pdf  used on input line 6.
(pdftex.def)             Requested size: 597.50682pt x 845.04504pt.
File: bedrock.pdf Graphic file (type pdf)
<use bedrock.pdf>
Package pdftex.def Info: bedrock.pdf  used on input line 6.
(pdftex.def)             Requested size: 597.50682pt x 845.04504pt.
<bedrock.pdf, id=65, page=1, 597.50829pt x 845.0471pt>
File: bedrock.pdf Graphic file (type pdf)
<use bedrock.pdf, page 1>
Package pdftex.def Info: bedrock.pdf , page1 used on input line 6.
(pdftex.def)             Requested size: 597.50682pt x 845.04504pt.
File: bedrock.pdf Graphic file (type pdf)
<use bedrock.pdf, page 1>
Package pdftex.def Info: bedrock.pdf , page1 used on input line 6.
(pdftex.def)             Requested size: 562.12285pt x 795.00201pt.
File: bedrock.pdf Graphic file (type pdf)
<use bedrock.pdf, page 1>
Package pdftex.def Info: bedrock.pdf , page1 used on input line 6.
(pdftex.def)             Requested size: 562.12285pt x 795.00201pt.
File: bedrock.pdf Graphic file (type pdf)
<use bedrock.pdf, page 1>
Package pdftex.def Info: bedrock.pdf , page1 used on input line 6.
(pdftex.def)             Requested size: 562.12285pt x 795.00201pt.
File: bedrock.pdf Graphic file (type pdf)
<use bedrock.pdf, page 1>
Package pdftex.def Info: bedrock.pdf , page1 used on input line 6.
(pdftex.def)             Requested size: 562.12285pt x 795.00201pt.

[2 <./bedrock.pdf>]
<holimetrix.pdf, id=117, 597.50829pt x 845.0471pt>
File: holimetrix.pdf Graphic file (type pdf)
<use holimetrix.pdf>
Package pdftex.def Info: holimetrix.pdf  used on input line 7.
(pdftex.def)             Requested size: 597.50682pt x 845.04504pt.
File: holimetrix.pdf Graphic file (type pdf)
<use holimetrix.pdf>
Package pdftex.def Info: holimetrix.pdf  used on input line 7.
(pdftex.def)             Requested size: 597.50682pt x 845.04504pt.
<holimetrix.pdf, id=120, page=1, 597.50829pt x 845.0471pt>
File: holimetrix.pdf Graphic file (type pdf)
<use holimetrix.pdf, page 1>
Package pdftex.def Info: holimetrix.pdf , page1 used on input line 7.
(pdftex.def)             Requested size: 597.50682pt x 845.04504pt.
File: holimetrix.pdf Graphic file (type pdf)
<use holimetrix.pdf, page 1>
Package pdftex.def Info: holimetrix.pdf , page1 used on input line 7.
(pdftex.def)             Requested size: 562.12285pt x 795.00201pt.
File: holimetrix.pdf Graphic file (type pdf)
<use holimetrix.pdf, page 1>
Package pdftex.def Info: holimetrix.pdf , page1 used on input line 7.
(pdftex.def)             Requested size: 562.12285pt x 795.00201pt.
File: holimetrix.pdf Graphic file (type pdf)
<use holimetrix.pdf, page 1>
Package pdftex.def Info: holimetrix.pdf , page1 used on input line 7.
(pdftex.def)             Requested size: 562.12285pt x 795.00201pt.
File: holimetrix.pdf Graphic file (type pdf)
<use holimetrix.pdf, page 1>
Package pdftex.def Info: holimetrix.pdf , page1 used on input line 7.
(pdftex.def)             Requested size: 562.12285pt x 795.00201pt.
 [3 <./holimetrix.pdf>]
<brainsonic.pdf, id=167, 597.50829pt x 845.0471pt>
File: brainsonic.pdf Graphic file (type pdf)
<use brainsonic.pdf>
Package pdftex.def Info: brainsonic.pdf  used on input line 8.
(pdftex.def)             Requested size: 597.50682pt x 845.04504pt.
File: brainsonic.pdf Graphic file (type pdf)
<use brainsonic.pdf>
Package pdftex.def Info: brainsonic.pdf  used on input line 8.
(pdftex.def)             Requested size: 597.50682pt x 845.04504pt.
<brainsonic.pdf, id=170, page=1, 597.50829pt x 845.0471pt>
File: brainsonic.pdf Graphic file (type pdf)
<use brainsonic.pdf, page 1>
Package pdftex.def Info: brainsonic.pdf , page1 used on input line 8.
(pdftex.def)             Requested size: 597.50682pt x 845.04504pt.
File: brainsonic.pdf Graphic file (type pdf)
<use brainsonic.pdf, page 1>
Package pdftex.def Info: brainsonic.pdf , page1 used on input line 8.
(pdftex.def)             Requested size: 562.12285pt x 795.00201pt.
File: brainsonic.pdf Graphic file (type pdf)
<use brainsonic.pdf, page 1>
Package pdftex.def Info: brainsonic.pdf , page1 used on input line 8.
(pdftex.def)             Requested size: 562.12285pt x 795.00201pt.
File: brainsonic.pdf Graphic file (type pdf)
<use brainsonic.pdf, page 1>
Package pdftex.def Info: brainsonic.pdf , page1 used on input line 8.
(pdftex.def)             Requested size: 562.12285pt x 795.00201pt.
File: brainsonic.pdf Graphic file (type pdf)
<use brainsonic.pdf, page 1>
Package pdftex.def Info: brainsonic.pdf , page1 used on input line 8.
(pdftex.def)             Requested size: 562.12285pt x 795.00201pt.
 [4 <./brainsonic.pdf>]
<rte.pdf, id=216, 597.50829pt x 845.0471pt>
File: rte.pdf Graphic file (type pdf)
<use rte.pdf>
Package pdftex.def Info: rte.pdf  used on input line 9.
(pdftex.def)             Requested size: 597.50682pt x 845.04504pt.
File: rte.pdf Graphic file (type pdf)
<use rte.pdf>
Package pdftex.def Info: rte.pdf  used on input line 9.
(pdftex.def)             Requested size: 597.50682pt x 845.04504pt.
<rte.pdf, id=219, page=1, 597.50829pt x 845.0471pt>
File: rte.pdf Graphic file (type pdf)
<use rte.pdf, page 1>
Package pdftex.def Info: rte.pdf , page1 used on input line 9.
(pdftex.def)             Requested size: 597.50682pt x 845.04504pt.
File: rte.pdf Graphic file (type pdf)
<use rte.pdf, page 1>
Package pdftex.def Info: rte.pdf , page1 used on input line 9.
(pdftex.def)             Requested size: 562.12285pt x 795.00201pt.
File: rte.pdf Graphic file (type pdf)
<use rte.pdf, page 1>
Package pdftex.def Info: rte.pdf , page1 used on input line 9.
(pdftex.def)             Requested size: 562.12285pt x 795.00201pt.
File: rte.pdf Graphic file (type pdf)
<use rte.pdf, page 1>
Package pdftex.def Info: rte.pdf , page1 used on input line 9.
(pdftex.def)             Requested size: 562.12285pt x 795.00201pt.
File: rte.pdf Graphic file (type pdf)
<use rte.pdf, page 1>
Package pdftex.def Info: rte.pdf , page1 used on input line 9.
(pdftex.def)             Requested size: 562.12285pt x 795.00201pt.
 [5 <./rte.pdf>] (./all.aux) ) 
Here is how much of TeX's memory you used:
 2736 strings out of 480608
 40453 string characters out of 5903630
 280897 words of memory out of 5000000
 18619 multiletter control sequences out of 15000+600000
 532338 words of font info for 24 fonts, out of 8000000 for 9000
 1141 hyphenation exceptions out of 8191
 40i,18n,45p,250b,425s stack positions out of 5000i,500n,10000p,200000b,80000s
</usr/local/texlive/2020/texmf-dist/fonts/type1/p
ublic/fontawesome5/FontAwesome5Brands-Regular.pfb></usr/local/texlive/2020/texm
f-dist/fonts/type1/public/fontawesome5/FontAwesome5Free-Solid.pfb></usr/local/t
exlive/2020/texmf-dist/fonts/type1/typoland/lato/Lato-Bold.pfb></usr/local/texl
ive/2020/texmf-dist/fonts/type1/typoland/lato/Lato-Italic.pfb></usr/local/texli
ve/2020/texmf-dist/fonts/type1/typoland/lato/Lato-Regular.pfb></usr/local/texli
ve/2020/texmf-dist/fonts/type1/impallari/lobster2/LobsterTwo-Bold.pfb></usr/loc
al/texlive/2020/texmf-dist/fonts/type1/impallari/raleway/Raleway-Bold.pfb></usr
/local/texlive/2020/texmf-dist/fonts/type1/impallari/raleway/Raleway-Regular.pf
b></usr/local/texlive/2020/texmf-dist/fonts/type1/public/amsfonts/cm/cmsy9.pfb>
</usr/local/texlive/2020/texmf-dist/fonts/type1/public/cm-super/sftt0900.pfb>
Output written on all.pdf (5 pages, 413589 bytes).
PDF statistics:
 277 PDF objects out of 1000 (max. 8388607)
 190 compressed objects within 2 object streams
 0 named destinations out of 1000 (max. 500000)
 101 words of extra memory for PDF output out of 10000 (max. 10000000)

